********************************************************************************
DUPLICATOR-LITE PACKAGE-LOG: 1 de October de 2020 19:20
NOTICE: Do NOT post to public sites or forums 
********************************************************************************
VERSION:	1.3.38
WORDPRESS:	5.5.1
PHP INFO:	7.2.14 | SAPI: apache2handler
SERVER:		Apache/2.4.37 (Win64) PHP/7.2.14 
PHP TIME LIMIT: (0) no time limit imposed 
PHP MAX MEMORY: 4294967296 (128M default) 
MEMORY STACK: 2MB

********************************************************************************
DATABASE:
********************************************************************************
BUILD MODE:   PHP(query limit - 100)
MYSQLTIMEOUT: 5000
MYSQLDUMP:    Not Supported
TABLES: total:19 | filtered:0 | create:19
FILTERED: []
SQL CREATED: 20201001_aluraviagens_8ef40497ab141a9c3759_20201001192009_database.sql
SQL FILE SIZE: 3.38MB (3539853)
SQL FILE TIME: 2020-10-01 19:20:48
SQL RUNTIME: 2.18 sec.

********************************************************************************
ARCHIVE (ZIP):
********************************************************************************
ARCHIVE DIR:  C:/wamp64/www/pasta_raiz/wordpress-alura/wordpress
ARCHIVE FILE: 20201001_aluraviagens_8ef40497ab141a9c3759_20201001192009_archive.zip
FILTERS: *OFF*
DIRS:
	not set
FILES:
	not set
EXTS:  not set
----------------------------------------
COMPRESSING
SIZE:	164.34MB
STATS:	Dirs 1,135 | Files 5,693
SQL ADDED: 20201001_aluraviagens_8ef40497ab141a9c3759_20201001192009_database.sql
ZipArchive Object
(
    [status] => 0
    [statusSys] => 0
    [numFiles] => 6828
    [filename] => C:\wamp64\www\pasta_raiz\wordpress-alura\wordpress\wp-content\backups-dup-lite\tmp\20201001_aluraviagens_8ef40497ab141a9c3759_20201001192009_archive.zip
    [comment] => 
)

FILE ADDED TO ZIP: 6827
COMPRESSION RESULT: '1'
COMPRESSED SIZE: 83.41MB
ARCHIVE RUNTIME: 184.32 sec.
MEMORY STACK: 4MB
building installer
add_extra_files1
add_extra_files2
add_extra_files3
add_extra_files4
Doing archive file check
add_extra_files5
add_extra_files6
add_extra_files8
Successfully opened zip C:/wamp64/www/pasta_raiz/wordpress-alura/wordpress/wp-content/backups-dup-lite/tmp/20201001_aluraviagens_8ef40497ab141a9c3759_20201001192009_archive.zip
Adding enhanced installer files to archive using ZipArchive
Installer files added to archive
Added to archive
After ziparchive close when adding installer

********************************************************************************
INTEGRITY CHECKS:
********************************************************************************
SQL FILE: 3.38MB
INSTALLER FILE: 61.32KB
ARCHIVE FILE: 84.92MB 
EXPECTED FILE/DIRECTORY COUNT: 6,828
ACTUAL FILE/DIRECTORY COUNT: 6,827
ARCHIVE CONSISTENCY TEST: Pass

********************************************************************************
RECORD ID:[1]
TOTAL PROCESS RUNTIME: 191.17 sec.
PEAK PHP MEMORY USED: 6MB
DONE PROCESSING => 20201001_aluraviagens 1 de October de 2020 19:23

